<?xml version="1.0" encoding="UTF-8"?>
<!-- Generated by org.testng.reporters.JUnitReportReporter -->
<testsuite skipped="0" hostname="MIT-FJHR-L" name="com.automationTask.AdvanceLevel.TestCase" tests="5" failures="0" timestamp="31 Mar 2021 18:29:55 GMT" time="19.112" errors="1">
  <testcase name="TestCase1" time="3.956" classname="com.automationTask.AdvanceLevel.TestCase"/>
  <testcase name="TestCase3" time="2.971" classname="com.automationTask.AdvanceLevel.TestCase"/>
  <testcase name="TestCase1" time="4.325" classname="com.automationTask.AdvanceLevel.TestCase"/>
  <testcase name="TestCase2" time="4.312" classname="com.automationTask.AdvanceLevel.TestCase"/>
  <testcase name="TestCase4" time="3.548" classname="com.automationTask.AdvanceLevel.TestCase">
    <error type="junit.framework.ComparisonFailure" message="expected:&lt;......&gt; but was:&lt;...a...&gt;">
      <![CDATA[junit.framework.ComparisonFailure: expected:<......> but was:<...a...>
at junit.framework.Assert.assertEquals(Assert.java:81)
at junit.framework.Assert.assertEquals(Assert.java:87)
at com.automationTask.AdvanceLevel.TestCase.TestCase4(TestCase.java:56)
at sun.reflect.NativeMethodAccessorImpl.invoke0(Native Method)
at sun.reflect.NativeMethodAccessorImpl.invoke(NativeMethodAccessorImpl.java:62)
at sun.reflect.DelegatingMethodAccessorImpl.invoke(DelegatingMethodAccessorImpl.java:43)
at java.lang.reflect.Method.invoke(Method.java:498)
at org.testng.internal.MethodInvocationHelper.invokeMethod(MethodInvocationHelper.java:124)
at org.testng.internal.Invoker.invokeMethod(Invoker.java:583)
at org.testng.internal.Invoker.invokeTestMethod(Invoker.java:719)
at org.testng.internal.Invoker.invokeTestMethods(Invoker.java:989)
at org.testng.internal.TestMethodWorker.invokeTestMethods(TestMethodWorker.java:125)
at org.testng.internal.TestMethodWorker.run(TestMethodWorker.java:109)
at java.util.concurrent.ThreadPoolExecutor.runWorker(ThreadPoolExecutor.java:1149)
at java.util.concurrent.ThreadPoolExecutor$Worker.run(ThreadPoolExecutor.java:624)
at java.lang.Thread.run(Thread.java:819)
]]>
    </error>
  </testcase> <!-- TestCase4 -->
</testsuite> <!-- com.automationTask.AdvanceLevel.TestCase -->
